[18:45:33] [ServerMain/INFO]: Environment: Environment[sessionHost=https://sessionserver.mojang.com, servicesHost=https://api.minecraftservices.com, profilesHost=https://api.mojang.com, name=PROD]
[18:45:35] [ServerMain/INFO]: Loaded 1585 recipes
[18:45:35] [ServerMain/INFO]: Loaded 1688 advancements
[18:45:35] [Server thread/INFO]: Starting minecraft server version 26.2
[18:45:35] [Server thread/INFO]: Loading properties
[18:45:35] [Server thread/INFO]: Default game type: SURVIVAL
[18:45:35] [Server thread/INFO]: Generating keypair
[18:45:35] [Server thread/INFO]: Starting Minecraft server on *:25565
[18:45:36] [Server thread/WARN]: **** SERVER IS RUNNING IN OFFLINE/INSECURE MODE!
[18:45:36] [Server thread/WARN]: The server will make no attempt to authenticate usernames. Beware.
[18:45:36] [Server thread/WARN]: While this makes the game possible to play without internet access, it also opens up the ability for hackers to connect with any username they choose.
[18:45:36] [Server thread/WARN]: To change this, set "online-mode" to "true" in the server.properties file.
[18:45:36] [Server thread/INFO]: Preparing level "world"
[18:45:36] [Server thread/INFO]: Loading 0 persistent chunks...
[18:45:36] [Server thread/INFO]: Preparing spawn area: 100%
[18:45:36] [Server thread/INFO]: Time elapsed: 19 ms
[18:45:36] [Server thread/INFO]: Done (0.437s)! For help, type "help"
[18:45:36] [Server thread/INFO]: Saving chunks for level 'ServerLevel[world]'/minecraft:overworld
[18:45:36] [Server thread/INFO]: Saving chunks for level 'ServerLevel[world]'/minecraft:the_nether
[18:45:36] [Server thread/INFO]: Saving chunks for level 'ServerLevel[world]'/minecraft:the_end
[18:45:36] [Server thread/INFO]: ThreadedAnvilChunkStorage (world): All chunks are saved
[18:45:36] [Server thread/INFO]: ThreadedAnvilChunkStorage (DIM-1): All chunks are saved
[18:45:36] [Server thread/INFO]: ThreadedAnvilChunkStorage (DIM1): All chunks are saved
[18:45:36] [Server thread/INFO]: ThreadedAnvilChunkStorage: All dimensions are saved
[18:46:36] [Server thread/INFO]: Server empty for 60 seconds, pausing
